SF:lib/core/api/api.dart
DA:10,0
DA:14,0
DA:17,0
DA:18,0
DA:19,0
DA:26,0
LF:6
LH:0
end_of_record
SF:lib/app/cubit/app_cubit.dart
DA:6,0
DA:8,0
DA:9,0
DA:11,0
DA:14,0
DA:15,0
DA:21,0
DA:22,0
DA:23,0
DA:29,0
DA:30,0
DA:31,0
DA:32,0
LF:13
LH:0
end_of_record
SF:lib/app/cubit/state.dart
DA:4,0
DA:10,0
DA:16,0
DA:21,0
DA:22,0
DA:23,0
DA:24,0
LF:7
LH:0
end_of_record
SF:lib/core/models/credentials.dart
DA:6,0
DA:9,0
DA:16,0
DA:17,0
DA:24,0
DA:25,0
DA:32,0
DA:33,0
DA:40,0
DA:41,0
DA:47,0
DA:48,0
DA:49,0
DA:50,0
DA:51,0
LF:15
LH:0
end_of_record
SF:lib/domain/journal/api/journal_api.dart
DA:6,0
DA:8,0
DA:10,0
DA:13,0
DA:16,0
DA:18,0
DA:24,0
DA:27,0
DA:28,0
LF:9
LH:0
end_of_record
SF:lib/core/api/base/base_api.dart
DA:17,0
DA:29,0
DA:33,0
DA:34,0
DA:35,0
DA:39,0
DA:41,0
DA:44,0
DA:45,0
DA:46,0
DA:49,0
DA:52,0
DA:53,0
DA:57,0
DA:62,0
DA:63,0
DA:64,0
DA:65,0
DA:66,0
DA:67,0
DA:73,0
DA:78,0
DA:79,0
DA:80,0
DA:82,0
DA:83,0
DA:84,0
DA:87,0
DA:89,0
DA:94,0
DA:95,0
DA:96,0
DA:101,0
DA:104,0
DA:105,0
DA:107,0
DA:111,0
DA:116,0
DA:117,0
DA:119,0
DA:121,0
DA:122,0
DA:124,0
DA:125,0
DA:126,0
DA:128,0
DA:129,0
DA:131,0
DA:132,0
DA:133,0
DA:136,0
DA:146,0
DA:151,0
DA:152,0
DA:153,0
DA:155,0
DA:156,0
DA:157,0
DA:160,0
DA:162,0
DA:167,0
DA:168,0
DA:169,0
DA:174,0
DA:177,0
DA:178,0
DA:180,0
DA:184,0
DA:189,0
DA:190,0
DA:192,0
DA:194,0
DA:196,0
DA:197,0
DA:199,0
DA:200,0
DA:201,0
DA:209,0
DA:215,0
DA:216,0
DA:217,0
DA:218,0
DA:219,0
DA:220,0
DA:227,0
DA:233,0
DA:234,0
DA:235,0
DA:236,0
DA:237,0
DA:238,0
DA:245,0
DA:250,0
DA:251,0
DA:252,0
DA:253,0
DA:254,0
DA:255,0
DA:261,0
DA:264,0
DA:266,0
DA:267,0
DA:271,0
DA:272,0
DA:273,0
DA:279,0
DA:280,0
LF:107
LH:0
end_of_record
SF:lib/core/api/base/base_exception.dart
DA:5,1
DA:15,0
DA:16,0
DA:18,1
DA:20,1
DA:21,1
DA:22,1
DA:23,0
DA:24,1
DA:25,1
DA:26,0
DA:27,0
DA:28,0
DA:29,0
DA:31,0
DA:39,1
DA:40,1
DA:41,1
DA:43,1
DA:46,0
DA:47,0
DA:49,1
DA:51,1
DA:52,1
LF:24
LH:14
end_of_record
SF:lib/core/api/base/base_request_info.dart
DA:4,2
DA:18,2
DA:21,12
DA:22,2
DA:23,0
DA:25,2
DA:26,0
DA:28,2
DA:29,3
DA:31,8
LF:10
LH:8
end_of_record
SF:lib/core/api/models/response_object.dart
DA:4,0
LF:1
LH:0
end_of_record
SF:lib/core/api/base/api_calls.dart
DA:23,1
DA:37,1
DA:38,1
DA:43,2
DA:44,0
DA:45,0
DA:51,1
DA:52,1
DA:57,0
DA:59,0
DA:60,0
DA:61,0
DA:72,0
DA:78,0
DA:81,0
DA:88,0
DA:91,0
DA:92,0
DA:93,0
DA:96,0
DA:99,0
DA:105,1
DA:109,1
DA:116,1
DA:123,1
DA:124,0
DA:125,0
DA:127,1
DA:128,0
DA:129,0
DA:132,1
DA:139,2
DA:143,1
DA:146,2
DA:149,1
DA:153,2
DA:158,1
DA:159,1
DA:161,1
DA:163,2
DA:164,1
DA:166,2
DA:171,0
DA:175,0
DA:182,0
DA:189,0
DA:190,0
DA:191,0
DA:193,0
DA:194,0
DA:195,0
DA:198,0
DA:206,0
DA:211,0
DA:214,0
DA:218,0
DA:222,0
DA:228,0
DA:229,0
DA:231,0
DA:233,0
DA:234,0
DA:236,0
DA:241,0
DA:245,0
DA:252,0
DA:259,0
DA:260,0
DA:261,0
DA:263,0
DA:264,0
DA:265,0
DA:268,0
DA:275,0
DA:280,0
DA:283,0
DA:287,0
DA:291,0
DA:297,0
DA:298,0
DA:300,0
DA:302,0
DA:303,0
DA:305,0
DA:310,0
DA:314,0
DA:321,0
DA:328,0
DA:329,0
DA:330,0
DA:332,0
DA:333,0
DA:334,0
DA:337,0
DA:344,0
DA:349,0
DA:352,0
DA:355,0
DA:360,0
DA:366,0
DA:367,0
DA:369,0
DA:371,0
DA:372,0
DA:374,0
LF:105
LH:23
end_of_record
SF:lib/core/di/di.dart
DA:20,15
DA:24,0
DA:27,0
DA:28,0
DA:29,0
DA:30,0
DA:31,0
DA:32,0
DA:33,0
DA:34,0
DA:35,0
DA:36,0
DA:37,0
DA:39,0
DA:40,0
DA:42,0
DA:44,0
DA:45,0
DA:47,0
DA:48,0
DA:49,0
DA:53,0
DA:54,0
DA:55,0
DA:56,0
DA:57,0
DA:58,0
LF:27
LH:1
end_of_record
SF:lib/core/extensions/response_extensions.dart
DA:5,2
DA:7,5
DA:9,1
DA:10,1
DA:11,0
DA:12,0
DA:13,0
DA:14,0
LF:8
LH:4
end_of_record
SF:lib/core/shared_prefs/shared_prefs.dart
DA:4,0
DA:6,0
DA:7,0
DA:19,1
DA:20,1
DA:25,0
DA:27,0
DA:29,1
DA:30,1
DA:31,3
DA:34,1
DA:35,3
DA:38,0
DA:41,0
DA:44,0
DA:45,0
DA:48,0
DA:51,0
DA:54,0
DA:55,0
DA:58,0
DA:61,0
DA:64,0
DA:65,0
DA:68,0
DA:71,0
DA:74,0
DA:75,0
LF:28
LH:7
end_of_record
SF:lib/utils/constants.dart
DA:9,0
LF:1
LH:0
end_of_record
SF:lib/utils/logger/logger.dart
DA:31,0
DA:33,0
DA:35,0
DA:37,0
DA:39,0
DA:41,0
DA:43,0
DA:46,0
DA:50,4
LF:9
LH:1
end_of_record
SF:lib/core/api/models/base_paginated_response.dart
DA:4,0
DA:16,0
DA:17,0
DA:18,0
DA:19,0
DA:20,0
LF:6
LH:0
end_of_record
SF:lib/core/exceptions/app_exception.dart
DA:10,0
DA:11,0
DA:13,0
LF:3
LH:0
end_of_record
SF:lib/l10n/l10n.dart
DA:11,1
DA:12,3
DA:15,0
DA:20,1
DA:22,0
DA:24,1
LF:6
LH:4
end_of_record
SF:lib/core/models/base_model.dart
DA:2,0
LF:1
LH:0
end_of_record
SF:lib/core/converters/date_converter.dart
DA:5,18
DA:7,0
DA:9,0
DA:12,0
DA:13,0
LF:5
LH:1
end_of_record
SF:lib/utils/date_time_formatter.dart
DA:5,0
DA:7,0
DA:8,0
DA:9,0
DA:11,0
DA:12,0
DA:13,0
DA:15,0
DA:17,0
DA:18,0
DA:19,0
DA:21,0
DA:22,0
DA:24,0
DA:28,0
DA:30,0
DA:31,0
DA:32,0
DA:33,0
DA:35,0
DA:36,0
DA:37,0
DA:39,0
LF:23
LH:0
end_of_record
SF:lib/core/cubit/base_cubit.dart
DA:6,1
DA:8,1
DA:10,0
DA:11,0
LF:4
LH:2
end_of_record
SF:lib/core/cubit/states.dart
DA:10,0
DA:16,0
DA:19,0
DA:20,0
DA:26,0
DA:32,0
DA:35,0
DA:36,0
DA:42,0
DA:59,0
DA:61,0
DA:69,0
DA:70,0
DA:71,0
DA:72,0
DA:73,0
DA:74,0
DA:75,0
LF:18
LH:0
end_of_record
SF:lib/core/cubit/base_loadable_cubit.dart
DA:6,0
DA:7,0
DA:10,0
DA:11,0
DA:13,0
DA:14,0
DA:15,0
DA:17,0
DA:18,0
DA:19,0
DA:21,0
DA:22,0
DA:23,0
DA:24,0
LF:14
LH:0
end_of_record
SF:lib/core/cubit/base_paginated_cubit.dart
DA:9,0
DA:10,0
DA:13,0
DA:14,0
DA:15,0
DA:16,0
DA:22,0
DA:24,0
DA:26,0
DA:27,0
DA:28,0
DA:29,0
DA:30,0
DA:31,0
DA:32,0
DA:35,0
DA:36,0
DA:37,0
DA:39,0
DA:40,0
DA:41,0
DA:42,0
LF:22
LH:0
end_of_record
SF:lib/core/hive/hive_service.dart
DA:9,0
DA:11,0
DA:19,0
DA:20,0
DA:21,0
DA:24,0
DA:25,0
DA:26,0
DA:27,0
DA:28,0
DA:29,0
DA:30,0
DA:34,0
DA:35,0
DA:39,0
DA:40,0
DA:41,0
LF:17
LH:0
end_of_record
SF:lib/core/router/router.dart
DA:10,0
DA:11,0
DA:15,0
DA:19,0
DA:20,0
DA:23,0
DA:27,0
DA:28,0
DA:31,0
DA:34,0
DA:35,0
DA:40,0
DA:41,0
DA:42,0
DA:43,0
DA:46,0
DA:48,0
DA:50,0
DA:54,0
DA:56,0
DA:60,0
DA:62,0
DA:63,0
DA:65,0
DA:66,0
DA:68,0
DA:69,0
DA:70,0
LF:28
LH:0
end_of_record
SF:lib/domain/auth/api/user_api.dart
DA:6,0
DA:8,0
DA:10,0
DA:15,0
DA:19,0
DA:21,0
DA:26,0
DA:27,0
DA:28,0
DA:29,0
DA:34,0
DA:39,0
DA:41,0
DA:48,0
DA:49,0
DA:50,0
DA:51,0
DA:56,0
DA:59,0
DA:61,0
LF:20
LH:0
end_of_record
SF:lib/domain/auth/repository/auth_repository.dart
DA:10,0
DA:12,0
DA:13,0
DA:14,0
DA:15,0
DA:17,0
DA:18,0
DA:22,0
DA:26,0
DA:32,0
DA:33,0
DA:34,0
DA:38,0
DA:43,0
LF:14
LH:0
end_of_record
SF:lib/domain/journal/repository/journal_api_repository.dart
DA:11,0
DA:13,0
DA:17,0
DA:22,0
DA:24,0
LF:5
LH:0
end_of_record
SF:lib/domain/journal/repository/journal_repository.dart
DA:13,0
DA:18,0
DA:22,0
DA:24,0
DA:25,0
DA:29,0
DA:31,0
DA:34,0
DA:35,0
DA:42,1
DA:45,2
DA:46,2
DA:49,0
DA:50,0
LF:14
LH:3
end_of_record
SF:lib/core/extensions/base_bloc_state_extension.dart
DA:4,0
DA:5,0
LF:2
LH:0
end_of_record
SF:lib/core/hive/base_hive_box.dart
DA:6,0
DA:7,0
DA:12,0
DA:14,0
DA:15,0
DA:18,0
DA:19,0
DA:22,0
DA:25,0
DA:26,0
DA:29,0
DA:30,0
DA:31,0
DA:34,0
DA:35,0
DA:38,0
DA:42,0
DA:43,0
DA:44,0
DA:47,0
DA:50,0
DA:51,0
DA:54,0
DA:55,0
DA:56,0
LF:25
LH:0
end_of_record
SF:lib/domain/journal/hive/journal_hive.dart
DA:8,0
DA:10,0
DA:11,0
DA:15,0
DA:17,0
DA:18,0
LF:6
LH:0
end_of_record
SF:lib/domain/journal/models/journal.g.dart
DA:13,0
DA:15,0
DA:16,0
DA:17,0
DA:19,0
DA:20,0
DA:21,0
DA:22,0
DA:23,0
DA:24,0
DA:25,0
DA:26,0
DA:30,0
DA:33,0
DA:34,0
DA:35,0
DA:36,0
DA:37,0
DA:38,0
DA:39,0
DA:40,0
DA:41,0
DA:42,0
DA:43,0
DA:44,0
DA:45,0
DA:46,0
DA:47,0
DA:50,0
DA:51,0
DA:53,0
DA:56,0
DA:57,0
DA:58,0
DA:65,0
DA:66,0
DA:67,0
DA:68,0
DA:69,0
DA:70,0
DA:71,0
DA:72,0
DA:73,0
DA:76,0
DA:77,0
DA:78,0
DA:79,0
DA:80,0
DA:81,0
DA:82,0
DA:83,0
DA:84,0
DA:85,0
DA:88,0
DA:92,0
DA:94,0
DA:98,0
LF:57
LH:0
end_of_record
SF:lib/domain/journal/models/journal.dart
DA:26,0
DA:27,0
DA:29,0
LF:3
LH:0
end_of_record
SF:lib/core/repository/fetch_only_repository.dart
DA:6,0
DA:8,0
DA:11,0
DA:13,0
DA:16,0
DA:18,0
LF:6
LH:0
end_of_record
SF:lib/core/repository/hive_repository.dart
DA:10,0
DA:11,0
DA:14,0
DA:16,0
DA:21,0
DA:25,0
DA:29,0
DA:32,0
DA:36,0
DA:37,0
DA:38,0
DA:41,0
DA:42,0
DA:47,0
DA:51,0
DA:52,0
DA:55,0
DA:61,0
LF:18
LH:0
end_of_record
SF:lib/domain/auth/pages/login/view/login_page.dart
DA:11,7
DA:13,1
DA:14,1
DA:15,1
DA:16,1
DA:17,1
DA:23,0
DA:24,0
DA:30,1
DA:31,1
DA:32,1
DA:33,1
DA:34,1
DA:35,1
DA:39,1
DA:40,0
DA:41,0
DA:42,0
DA:45,1
DA:46,1
DA:53,1
DA:54,0
DA:55,0
DA:61,1
DA:62,1
DA:63,0
DA:64,0
DA:65,0
DA:67,0
DA:69,0
DA:70,0
DA:71,0
DA:73,0
DA:76,1
DA:77,1
DA:79,1
DA:82,1
DA:83,1
DA:85,0
DA:86,0
DA:88,1
DA:108,1
DA:110,1
DA:111,2
DA:112,1
DA:113,1
DA:114,1
DA:115,1
DA:116,1
DA:120,1
DA:124,1
DA:127,1
DA:129,1
DA:131,1
DA:133,1
DA:134,1
DA:135,1
DA:139,1
DA:141,1
DA:142,1
LF:60
LH:43
end_of_record
SF:lib/domain/auth/pages/register/view/register_page.dart
DA:11,6
DA:13,0
DA:14,0
DA:15,0
DA:16,0
DA:17,0
DA:23,0
DA:24,0
DA:30,0
DA:31,0
DA:32,0
DA:33,0
DA:34,0
DA:40,0
DA:41,0
DA:47,0
DA:48,0
DA:49,0
DA:50,0
DA:51,0
DA:52,0
DA:56,0
DA:57,0
DA:58,0
DA:59,0
DA:62,0
DA:63,0
DA:70,0
DA:71,0
DA:72,0
DA:78,0
DA:79,0
DA:80,0
DA:81,0
DA:82,0
DA:84,0
DA:86,0
DA:87,0
DA:88,0
DA:90,0
DA:93,0
DA:94,0
DA:96,0
DA:98,0
DA:99,0
DA:101,0
DA:102,0
DA:104,0
DA:124,0
DA:126,0
DA:127,0
DA:128,0
DA:129,0
DA:130,0
DA:131,0
DA:132,0
DA:136,0
DA:140,0
DA:143,0
DA:145,0
DA:147,0
DA:149,0
DA:151,0
DA:152,0
DA:153,0
DA:157,0
DA:159,0
DA:160,0
LF:68
LH:1
end_of_record
SF:lib/domain/journal/journal_detail/view/journal_detail_page.dart
DA:10,0
DA:13,0
DA:17,0
DA:19,0
DA:20,0
DA:21,0
DA:22,0
DA:23,0
DA:27,0
DA:28,0
DA:30,0
DA:31,0
DA:32,0
DA:33,0
DA:34,0
DA:35,0
DA:40,0
DA:41,0
DA:47,0
DA:48,0
DA:49,0
DA:54,0
DA:55,0
DA:61,0
DA:62,0
DA:63,0
DA:68,0
DA:69,0
DA:75,0
DA:76,0
DA:77,0
LF:31
LH:0
end_of_record
SF:lib/domain/journal/journal_list/view/journal_list_page.dart
DA:18,0
DA:20,0
DA:24,0
DA:26,0
DA:27,0
DA:28,0
DA:30,0
DA:31,0
DA:32,0
DA:33,0
DA:35,0
DA:38,0
DA:39,0
DA:40,0
DA:50,0
DA:51,0
DA:54,0
DA:55,0
DA:57,0
DA:61,0
DA:63,0
DA:64,0
DA:68,0
DA:69,0
DA:70,0
DA:74,0
DA:75,0
DA:76,0
DA:78,0
DA:79,0
LF:30
LH:0
end_of_record
SF:lib/kickoff/view/kickoff_page.dart
DA:11,6
DA:13,0
DA:15,0
DA:17,0
DA:18,0
DA:19,0
DA:20,0
DA:21,0
DA:22,0
DA:24,0
DA:29,0
DA:30,0
DA:31,0
DA:45,0
DA:46,0
DA:47,0
DA:48,0
DA:49,0
DA:51,0
DA:55,0
LF:20
LH:1
end_of_record
SF:lib/domain/auth/models/user.dart
DA:24,0
DA:25,0
DA:27,0
LF:3
LH:0
end_of_record
SF:lib/domain/auth/models/user.g.dart
DA:13,0
DA:15,0
DA:16,0
DA:17,0
DA:19,0
DA:20,0
DA:21,0
DA:22,0
DA:23,0
DA:24,0
DA:25,0
DA:26,0
DA:30,0
DA:33,0
DA:34,0
DA:35,0
DA:36,0
DA:37,0
DA:38,0
DA:39,0
DA:40,0
DA:41,0
DA:42,0
DA:43,0
DA:44,0
DA:45,0
DA:46,0
DA:47,0
DA:50,0
DA:51,0
DA:53,0
DA:56,0
DA:57,0
DA:58,0
DA:65,0
DA:66,0
DA:67,0
DA:68,0
DA:69,0
DA:70,0
DA:71,0
DA:72,0
DA:75,0
DA:76,0
DA:77,0
DA:78,0
DA:79,0
DA:80,0
DA:81,0
DA:82,0
LF:50
LH:0
end_of_record
SF:lib/domain/auth/pages/login/cubit/login_cubit.dart
DA:8,3
DA:12,0
DA:14,0
DA:15,0
DA:16,0
DA:22,0
DA:23,0
DA:24,0
DA:30,0
DA:31,0
DA:32,0
DA:38,0
DA:39,0
DA:40,0
DA:44,0
DA:45,0
DA:46,0
DA:49,0
DA:50,0
DA:53,0
DA:54,0
DA:55,0
DA:57,0
DA:58,0
LF:24
LH:1
end_of_record
SF:lib/domain/auth/pages/login/cubit/login_state.dart
DA:5,1
DA:15,0
DA:20,0
DA:21,0
DA:22,0
DA:23,0
DA:27,2
DA:28,0
DA:30,0
DA:31,0
DA:32,0
DA:33,0
DA:34,0
DA:38,0
DA:41,0
DA:42,0
DA:43,0
DA:44,0
DA:49,0
DA:50,0
DA:51,0
DA:52,0
DA:53,0
DA:57,0
DA:58,0
DA:59,0
DA:60,0
DA:61,0
DA:68,1
DA:72,1
DA:77,0
DA:82,0
DA:89,0
DA:93,0
DA:98,0
DA:102,0
LF:36
LH:4
end_of_record
SF:lib/ui/extensions/context_extensions.dart
DA:11,0
DA:12,0
DA:13,0
DA:14,0
DA:15,0
DA:17,0
DA:19,0
DA:21,0
DA:25,0
DA:29,0
DA:30,0
DA:32,0
DA:33,0
DA:34,0
DA:36,0
DA:37,0
DA:38,0
DA:41,0
DA:43,0
DA:45,0
DA:50,0
LF:21
LH:0
end_of_record
SF:lib/domain/auth/pages/register/cubit/register_cubit.dart
DA:9,0
DA:13,0
DA:15,0
DA:16,0
DA:17,0
DA:23,0
DA:24,0
DA:25,0
DA:31,0
DA:32,0
DA:33,0
DA:39,0
DA:40,0
DA:41,0
DA:47,0
DA:48,0
DA:49,0
DA:53,0
DA:54,0
DA:55,0
DA:56,0
DA:59,0
DA:60,0
DA:64,0
DA:65,0
DA:67,0
DA:68,0
DA:69,0
DA:71,0
DA:72,0
LF:30
LH:0
end_of_record
SF:lib/domain/auth/pages/register/cubit/register_state.dart
DA:5,0
DA:17,0
DA:23,0
DA:24,0
DA:25,0
DA:26,0
DA:27,0
DA:31,0
DA:32,0
DA:33,0
DA:35,0
DA:36,0
DA:37,0
DA:38,0
DA:39,0
DA:40,0
DA:44,0
DA:47,0
DA:48,0
DA:49,0
DA:50,0
DA:51,0
DA:56,0
DA:57,0
DA:58,0
DA:59,0
DA:60,0
DA:61,0
DA:65,0
DA:66,0
DA:67,0
DA:68,0
DA:69,0
DA:70,0
DA:77,0
DA:86,0
DA:98,0
DA:107,0
LF:38
LH:0
end_of_record
SF:lib/domain/auth/repository/auth_api_repository.dart
DA:8,0
DA:12,0
DA:18,0
DA:21,0
DA:26,0
DA:31,0
LF:6
LH:0
end_of_record
SF:lib/domain/journal/journal_detail/cubit/journal_detail_cubit.dart
DA:7,0
DA:15,0
DA:17,0
LF:3
LH:0
end_of_record
SF:lib/ui/components/base_loadable_scaffold.dart
DA:13,0
DA:25,0
DA:38,0
DA:40,0
DA:41,0
DA:42,0
DA:43,0
DA:44,0
DA:46,0
DA:47,0
DA:48,0
DA:50,0
DA:51,0
DA:52,0
DA:53,0
DA:56,0
DA:57,0
DA:58,0
DA:64,0
DA:66,0
DA:67,0
DA:71,0
DA:73,0
DA:74,0
DA:75,0
DA:78,0
DA:82,0
DA:84,0
DA:93,0
DA:94,0
DA:97,0
DA:98,0
LF:32
LH:0
end_of_record
SF:lib/ui/components/default_shimmer.dart
DA:5,12
DA:8,0
DA:12,0
DA:13,0
DA:27,0
DA:29,0
DA:30,0
DA:31,0
DA:32,0
DA:34,0
DA:36,0
DA:37,0
DA:41,0
DA:42,0
DA:43,0
DA:44,0
DA:45,0
DA:46,0
DA:55,6
DA:57,0
DA:59,0
DA:63,0
DA:64,0
DA:72,6
DA:75,0
DA:78,0
DA:80,0
DA:82,0
DA:85,0
DA:86,0
DA:87,0
DA:92,0
DA:93,0
DA:109,6
DA:112,0
DA:115,0
DA:117,0
DA:119,0
DA:120,0
DA:121,0
DA:124,0
DA:125,0
DA:130,0
DA:131,0
DA:134,0
DA:135,0
DA:141,0
DA:142,0
DA:148,0
LF:49
LH:4
end_of_record
SF:lib/domain/journal/journal_list/components/journal_item_widget.dart
DA:6,0
DA:10,0
DA:15,0
DA:17,0
DA:18,0
DA:19,0
DA:21,0
DA:22,0
DA:23,0
DA:24,0
DA:29,0
DA:30,0
DA:32,0
DA:33,0
LF:14
LH:0
end_of_record
SF:lib/domain/journal/journal_list/cubit/journal_list_cubit.dart
DA:14,0
DA:16,0
DA:17,0
DA:18,0
DA:19,0
DA:20,0
DA:21,0
DA:26,0
DA:28,0
DA:29,0
DA:30,0
DA:31,0
DA:36,0
DA:37,0
DA:40,0
DA:43,0
DA:44,0
DA:45,0
DA:49,0
DA:50,0
DA:51,0
DA:56,0
DA:57,0
DA:64,0
DA:66,0
DA:67,0
DA:68,0
DA:73,0
DA:75,0
DA:76,0
DA:77,0
DA:78,0
DA:79,0
DA:80,0
DA:81,0
DA:85,0
DA:86,0
DA:87,0
DA:88,0
DA:90,0
DA:94,0
DA:95,0
DA:96,0
DA:97,0
DA:98,0
DA:104,0
DA:105,0
DA:106,0
DA:108,0
DA:110,0
DA:111,0
DA:117,0
DA:120,0
DA:121,0
DA:122,0
DA:123,0
DA:124,0
DA:125,0
DA:126,0
DA:127,0
DA:132,0
DA:133,0
DA:135,0
DA:142,0
DA:144,0
DA:145,0
LF:66
LH:0
end_of_record
SF:lib/domain/journal/journal_list/cubit/journal_list_cubit_state.dart
DA:6,0
DA:13,0
DA:18,0
DA:19,0
DA:20,0
DA:26,0
DA:32,0
DA:35,0
DA:36,0
DA:42,0
DA:54,0
DA:55,0
DA:57,0
DA:58,0
DA:60,0
DA:61,0
DA:62,0
DA:66,0
DA:76,0
DA:77,0
DA:78,0
DA:79,0
DA:80,0
DA:81,0
DA:82,0
DA:83,0
LF:26
LH:0
end_of_record
SF:lib/ui/components/base_search_text_field.dart
DA:8,0
DA:15,0
DA:23,0
DA:24,0
DA:31,0
DA:33,0
DA:35,0
DA:36,0
DA:38,0
DA:41,0
DA:43,0
DA:45,0
DA:46,0
DA:49,0
DA:51,0
DA:52,0
DA:53,0
DA:54,0
DA:55,0
DA:56,0
DA:57,0
DA:58,0
DA:59,0
DA:60,0
DA:67,0
DA:68,0
DA:69,0
LF:27
LH:0
end_of_record
SF:lib/ui/components/infinity_list_view.dart
DA:6,0
DA:14,0
DA:23,0
DA:25,0
DA:27,0
DA:28,0
DA:29,0
DA:30,0
DA:31,0
DA:36,0
DA:37,0
DA:38,0
DA:39,0
DA:40,0
DA:41,0
DA:54,0
DA:55,0
DA:56,0
DA:57,0
DA:60,0
LF:20
LH:0
end_of_record
SF:lib/ui/dialogs/loading_dialog.dart
DA:4,0
DA:7,0
DA:9,0
DA:16,6
DA:18,0
DA:20,0
DA:21,0
DA:23,0
DA:27,0
DA:30,0
DA:31,0
LF:11
LH:1
end_of_record
SF:lib/ui/dialogs/prompt_dialog.dart
DA:4,0
DA:9,0
DA:11,0
DA:12,0
DA:13,0
DA:15,0
DA:19,0
DA:20,0
DA:22,0
DA:24,0
DA:26,0
DA:30,0
DA:31,0
DA:34,0
DA:35,0
DA:36,0
DA:37,0
DA:38,0
DA:39,0
DA:40,0
DA:41,0
DA:47,0
DA:48,0
DA:49,0
DA:50,0
DA:51,0
DA:52,0
DA:53,0
LF:28
LH:0
end_of_record
SF:lib/kickoff/cubit/kickoff_page_cubit.dart
DA:12,0
DA:14,0
DA:19,0
DA:22,0
DA:23,0
DA:26,0
DA:28,0
LF:7
LH:0
end_of_record
SF:lib/ui/components/auto_keep_alive_widget.dart
DA:4,0
DA:7,0
DA:11,0
DA:12,0
DA:17,0
DA:19,0
DA:20,0
DA:23,0
LF:8
LH:0
end_of_record
SF:lib/ui/components/base_scaffold.dart
DA:6,0
DA:13,0
DA:21,0
DA:23,0
DA:24,0
DA:25,0
DA:26,0
DA:27,0
DA:28,0
DA:31,0
DA:32,0
DA:36,0
DA:38,0
DA:39,0
DA:40,0
DA:42,0
LF:16
LH:0
end_of_record
SF:lib/ui/components/button.dart
DA:5,0
DA:9,0
DA:14,0
DA:16,0
DA:17,0
DA:18,0
DA:19,0
DA:20,0
DA:21,0
LF:9
LH:0
end_of_record
SF:lib/ui/components/base_text_field.dart
DA:4,0
DA:12,0
DA:21,0
DA:22,0
DA:28,0
DA:30,0
DA:32,0
DA:33,0
DA:34,0
DA:35,0
DA:40,0
DA:42,0
DA:43,0
DA:44,0
DA:45,0
DA:46,0
DA:49,0
DA:50,0
DA:52,0
DA:53,0
LF:20
LH:0
end_of_record
SF:lib/utils/debouncer.dart
DA:6,0
DA:12,0
DA:13,0
DA:16,0
DA:17,0
DA:18,0
LF:6
LH:0
end_of_record
SF:lib/utils/logger/console_logger.dart
DA:8,0
DA:9,0
DA:11,0
DA:15,0
DA:16,0
DA:21,0
DA:22,0
DA:24,0
DA:25,0
LF:9
LH:0
end_of_record
SF:lib/app/view/app.dart
DA:13,0
DA:15,0
DA:17,0
DA:20,0
DA:21,0
DA:24,0
DA:25,0
DA:26,0
DA:27,0
DA:28,0
DA:29,0
DA:30,0
DA:31,0
DA:34,0
DA:42,0
DA:44,0
DA:45,0
DA:46,0
DA:47,0
DA:48,0
DA:49,0
DA:50,0
DA:51,0
DA:54,0
DA:55,0
DA:56,0
DA:57,0
DA:63,0
DA:64,0
DA:65,0
DA:67,0
DA:68,0
DA:69,0
LF:33
LH:0
end_of_record
SF:lib/ui/theme/theme.dart
DA:6,0
DA:7,0
DA:11,0
DA:12,0
DA:13,0
DA:14,0
DA:15,0
DA:30,0
DA:31,0
DA:35,0
DA:36,0
DA:37,0
LF:12
LH:0
end_of_record
